<?xml version="1.0" encoding="UTF-8"?>
<!-- Generated by org.testng.reporters.JUnitXMLReporter -->
<testsuite ignored="3" hostname="DESKTOP-5AHUK5D" failures="0" tests="1" name="Default test" time="7.262" errors="0" timestamp="18 Aug 2019 16:42:12 GMT">
  <testcase classname="tests.SearchTests" name="autoCompleteTest" time="1.233"/>
  <testcase classname="tests.SearchTests" name="searchIphoneTest" time="0.0">
    <ignored/>
  </testcase> <!-- searchIphoneTest -->
  <testcase classname="tests.SearchTests" name="selectFromDepartmentDropdownTest" time="0.0">
    <ignored/>
  </testcase> <!-- selectFromDepartmentDropdownTest -->
  <testcase classname="tests.SearchTests" name="choosingBooksCategoryTest" time="0.0">
    <ignored/>
  </testcase> <!-- choosingBooksCategoryTest -->
</testsuite> <!-- Default test -->
