<?xml version="1.0" encoding="UTF-8"?>
<!-- Generated by org.testng.reporters.JUnitXMLReporter -->
<testsuite hostname="OGK-PC8" ignored="2" name="Test" tests="5" failures="0" timestamp="21 Aug 2019 07:56:19 GMT" time="62.243" errors="0">
  <testcase name="autoCompleteTest" time="4.035" classname="tests.SearchTests"/>
  <testcase name="goToWhiteIphoneTest" time="10.807" classname="tests.PLPTests"/>
  <testcase name="choosingBooksCategoryTest" time="3.426" classname="tests.SearchTests"/>
  <testcase name="searchIphoneTest" time="3.318" classname="tests.SearchTests"/>
  <testcase name="selectFromDepartmentDropdownTest" time="2.891" classname="tests.SearchTests"/>
  <testcase name="@AfterTest stopDockerDeleteFile" time="0.0" classname="base.BaseTest">
    <ignored/>
  </testcase> <!-- @AfterTest stopDockerDeleteFile -->
  <testcase name="@BeforeTest startDockerScale" time="0.0" classname="base.BaseTest">
    <ignored/>
  </testcase> <!-- @BeforeTest startDockerScale -->
</testsuite> <!-- Test -->
