<?xml version="1.0" encoding="UTF-8"?>
<testsuite xmlns:xsi="http://www.w3.org/2001/XMLSchema-instance" xsi:noNamespaceSchemaLocation="https://maven.apache.org/surefire/maven-surefire-plugin/xsd/surefire-test-report-3.0.xsd" version="3.0" name="TestSuite" time="63.33" tests="5" errors="0" skipped="0" failures="0">
  <properties>
[...]
</properties>
  <testcase name="autoCompleteTest" classname="tests.SearchTests" time="4.037"/>
  <testcase name="goToWhiteIphoneTest" classname="tests.PLPTests" time="10.314"/>
  <testcase name="choosingBooksCategoryTest" classname="tests.SearchTests" time="3.425"/>
  <testcase name="searchIphoneTest" classname="tests.SearchTests" time="3.319"/>
  <testcase name="selectFromDepartmentDropdownTest" classname="tests.SearchTests" time="2.891"/>
</testsuite>